<?xml version="1.0" encoding="UTF-8" ?>
<testsuite tests="10" failures="0" name="pe.edu.unmsm.fisi.upg.ads.cleancode.domain.SpeakerTest" time="0.075" errors="0" skipped="0">
  <properties>
    <property name="java.runtime.name" value="Java(TM) SE Runtime Environment"/>
    <property name="sun.boot.library.path" value="C:\Program Files\Java\jdk1.8.0_91\jre\bin"/>
    <property name="java.vm.version" value="25.91-b15"/>
    <property name="java.vm.vendor" value="Oracle Corporation"/>
    <property name="java.vendor.url" value="http://java.oracle.com/"/>
    <property name="path.separator" value=";"/>
    <property name="guice.disable.misplaced.annotation.check" value="true"/>
    <property name="java.vm.name" value="Java HotSpot(TM) 64-Bit Server VM"/>
    <property name="file.encoding.pkg" value="sun.io"/>
    <property name="user.script" value=""/>
    <property name="user.country" value="US"/>
    <property name="sun.java.launcher" value="SUN_STANDARD"/>
    <property name="sun.os.patch.level" value=""/>
    <property name="test" value="pe.edu.unmsm.fisi.upg.ads.cleancode.domain.SpeakerTest"/>
    <property name="java.vm.specification.name" value="Java Virtual Machine Specification"/>
    <property name="user.dir" value="D:\Learning\MISW.CICLO1\ADS.C3\trabajo\clean-code-java"/>
    <property name="java.runtime.version" value="1.8.0_91-b15"/>
    <property name="java.awt.graphicsenv" value="sun.awt.Win32GraphicsEnvironment"/>
    <property name="java.endorsed.dirs" value="C:\Program Files\Java\jdk1.8.0_91\jre\lib\endorsed"/>
    <property name="os.arch" value="amd64"/>
    <property name="java.io.tmpdir" value="C:\Users\Felipe\AppData\Local\Temp\"/>
    <property name="line.separator" value="
"/>
    <property name="java.vm.specification.vendor" value="Oracle Corporation"/>
    <property name="user.variant" value=""/>
    <property name="os.name" value="Windows 10"/>
    <property name="maven.ext.class.path" value="C:\Program Files\NetBeans 8.2\java\maven-nblib\netbeans-eventspy.jar;C:\Program Files\NetBeans 8.2\java\maven-nblib\netbeans-eventspy.jar"/>
    <property name="classworlds.conf" value="C:\Program Files\NetBeans 8.2\java\maven\bin\m2.conf"/>
    <property name="sun.jnu.encoding" value="Cp1252"/>
    <property name="java.library.path" value="C:\Program Files\Java\jdk1.8.0_91\bin;C:\WINDOWS\Sun\Java\bin;C:\WINDOWS\system32;C:\WINDOWS;C:\Program Files (x86)\Common Files\Oracle\Java\javapath;C:\oracle\product\11.2.0\client_1\bin;C:\oracle11g\product\11.2.0\client_1\bin;C:\app\work\product\11.2.0\client_1\bin;Z:\app\work\product\11.2.0\client_1\bin;D:\app\work\product\11.2.0\client_1;C:\Program Files (x86)\Common Files\Intel\Shared Files\cpp\bin\Intel64;C:\Program Files (x86)\NVIDIA Corporation\PhysX\Common;C:\Program Files (x86)\Intel\iCLS Client\;C:\Program Files\Intel\iCLS Client\;C:\WINDOWS\system32;C:\WINDOWS;C:\WINDOWS\System32\Wbem;C:\WINDOWS\System32\WindowsPowerShell\v1.0\;C:\Program Files (x86)\Intel\Intel(R) Management Engine Components\DAL;C:\Program Files\Intel\Intel(R) Management Engine Components\DAL;C:\Program Files (x86)\Intel\Intel(R) Management Engine Components\IPT;C:\Program Files\Intel\Intel(R) Management Engine Components\IPT;C:\Program Files (x86)\Windows Live\Shared;C:\Program Files (x86)\Skype\Phone\;C:\Program Files\Intel\WiFi\bin\;C:\Program Files\Common Files\Intel\WirelessCommon\;C:\Program Files\TortoiseSVN\bin;C:\Program Files\Java\jdk1.8.0_171bin;C:\Program Files\nodejs\;C:\Program Files\Git\cmd;%M2_HOME%\bin;C:\Program Files\dotnet\;C:\Program Files\Java\jdk1.7.0_21\bin;D:\Workspace\AppServ\Apache2.2\bin;D:\Workspace\AppServ\php6;D:\Workspace\AppServ\MySQL\bin;C:\Users\Felipe\AppData\Local\Microsoft\WindowsApps;C:\Program Files\Java\jdk1.8.0_171;D:\Work\AppServ\Apache24\bin;D:\Work\AppServ\php5;D:\Work\AppServ\MySQL\bin;C:\Program Files\Microsoft VS Code\bin;C:\Users\Felipe\AppData\Roaming\npm;C:\Program Files\heroku\bin;C:\Users\Felipe\.dotnet\tools;."/>
    <property name="java.specification.name" value="Java Platform API Specification"/>
    <property name="java.class.version" value="52.0"/>
    <property name="sun.management.compiler" value="HotSpot 64-Bit Tiered Compilers"/>
    <property name="os.version" value="10.0"/>
    <property name="user.home" value="C:\Users\Felipe"/>
    <property name="user.timezone" value="America/Bogota"/>
    <property name="java.awt.printerjob" value="sun.awt.windows.WPrinterJob"/>
    <property name="java.specification.version" value="1.8"/>
    <property name="file.encoding" value="UTF-8"/>
    <property name="user.name" value="Felipe"/>
    <property name="java.class.path" value="C:\Program Files\NetBeans 8.2\java\maven\boot\plexus-classworlds-2.4.jar"/>
    <property name="java.vm.specification.version" value="1.8"/>
    <property name="sun.arch.data.model" value="64"/>
    <property name="java.home" value="C:\Program Files\Java\jdk1.8.0_91\jre"/>
    <property name="sun.java.command" value="org.codehaus.plexus.classworlds.launcher.Launcher -Dtest=pe.edu.unmsm.fisi.upg.ads.cleancode.domain.SpeakerTest -Dmaven.ext.class.path=C:\Program Files\NetBeans 8.2\java\maven-nblib\netbeans-eventspy.jar;C:\Program Files\NetBeans 8.2\java\maven-nblib\netbeans-eventspy.jar -Dfile.encoding=UTF-8 surefire:test"/>
    <property name="java.specification.vendor" value="Oracle Corporation"/>
    <property name="user.language" value="en"/>
    <property name="awt.toolkit" value="sun.awt.windows.WToolkit"/>
    <property name="java.vm.info" value="mixed mode"/>
    <property name="java.version" value="1.8.0_91"/>
    <property name="java.ext.dirs" value="C:\Program Files\Java\jdk1.8.0_91\jre\lib\ext;C:\WINDOWS\Sun\Java\lib\ext"/>
    <property name="sun.boot.class.path" value="C:\Program Files\Java\jdk1.8.0_91\jre\lib\resources.jar;C:\Program Files\Java\jdk1.8.0_91\jre\lib\rt.jar;C:\Program Files\Java\jdk1.8.0_91\jre\lib\sunrsasign.jar;C:\Program Files\Java\jdk1.8.0_91\jre\lib\jsse.jar;C:\Program Files\Java\jdk1.8.0_91\jre\lib\jce.jar;C:\Program Files\Java\jdk1.8.0_91\jre\lib\charsets.jar;C:\Program Files\Java\jdk1.8.0_91\jre\lib\jfr.jar;C:\Program Files\Java\jdk1.8.0_91\jre\classes"/>
    <property name="java.vendor" value="Oracle Corporation"/>
    <property name="maven.home" value="C:\Program Files\NetBeans 8.2\java\maven"/>
    <property name="file.separator" value="\"/>
    <property name="java.vendor.url.bug" value="http://bugreport.sun.com/bugreport/"/>
    <property name="sun.cpu.endian" value="little"/>
    <property name="sun.io.unicode.encoding" value="UnicodeLittle"/>
    <property name="sun.desktop" value="windows"/>
    <property name="sun.cpu.isalist" value="amd64"/>
  </properties>
  <testcase classname="pe.edu.unmsm.fisi.upg.ads.cleancode.domain.SpeakerTest" name="register_SingleSessionThatsOnOldTech_ThrowsNoSessionsApprovedException" time="0.003"/>
  <testcase classname="pe.edu.unmsm.fisi.upg.ads.cleancode.domain.SpeakerTest" name="register_NoSessionsPassed_ThrowsArgumentException" time="0"/>
  <testcase classname="pe.edu.unmsm.fisi.upg.ads.cleancode.domain.SpeakerTest" name="register_HasCertificationsButHasRedFlags_ReturnsSpeakerId" time="0"/>
  <testcase classname="pe.edu.unmsm.fisi.upg.ads.cleancode.domain.SpeakerTest" name="register_HasBlogButHasRedFlags_ReturnsSpeakerId" time="0"/>
  <testcase classname="pe.edu.unmsm.fisi.upg.ads.cleancode.domain.SpeakerTest" name="register_EmptyFirstName_ThrowsArgumentNullException" time="0"/>
  <testcase classname="pe.edu.unmsm.fisi.upg.ads.cleancode.domain.SpeakerTest" name="register_DoesntAppearExceptionalAndHasAncientEmail_ThrowsNoSessionsApprovedException" time="0"/>
  <testcase classname="pe.edu.unmsm.fisi.upg.ads.cleancode.domain.SpeakerTest" name="register_WorksForPrestigiousEmployerButHasRedFlags_ReturnsSpeakerId" time="0"/>
  <testcase classname="pe.edu.unmsm.fisi.upg.ads.cleancode.domain.SpeakerTest" name="register_DoesntAppearExceptionalAndUsingOldBrowser_ThrowsNoSessionsApprovedException" time="0"/>
  <testcase classname="pe.edu.unmsm.fisi.upg.ads.cleancode.domain.SpeakerTest" name="register_EmptyLastName_ThrowsArgumentNullException" time="0.003"/>
  <testcase classname="pe.edu.unmsm.fisi.upg.ads.cleancode.domain.SpeakerTest" name="register_EmptyEmail_ThrowsArgumentNullException" time="0"/>
</testsuite>